<?xml version="1.0" encoding="UTF-8"?>
<testsuite name="com.bm.assignment.api.AssessmentControllerWebTests" tests="2" skipped="0" failures="0" errors="0" timestamp="2025-10-17T07:31:13.368Z" hostname="jinhoui-MacBookPro.local" time="0.018">
  <properties/>
  <testcase name="invalid prescription code yields problem detail 400()" classname="com.bm.assignment.api.AssessmentControllerWebTests" time="0.015"/>
  <testcase name="invalid weeks yield problem detail 400()" classname="com.bm.assignment.api.AssessmentControllerWebTests" time="0.002"/>
  <system-out><![CDATA[2025-10-17T16:31:13.168+09:00  INFO 34711 --- [    Test worker] t.c.s.AnnotationConfigContextLoaderUtils : Could not detect default configuration classes for test class [com.bm.assignment.api.AssessmentControllerWebTests]: AssessmentControllerWebTests does not declare any static, non-private, non-final, nested classes annotated with @Configuration.
2025-10-17T16:31:13.175+09:00  INFO 34711 --- [    Test worker] .b.t.c.SpringBootTestContextBootstrapper : Found @SpringBootConfiguration com.bm.assignment.Application for test class com.bm.assignment.api.AssessmentControllerWebTests

  .   ____          _            __ _ _
 /\\ / ___'_ __ _ _(_)_ __  __ _ \ \ \ \
( ( )\___ | '_ | '_| | '_ \/ _` | \ \ \ \
 \\/  ___)| |_)| | | | | || (_| |  ) ) ) )
  '  |____| .__|_| |_|_| |_\__, | / / / /
 =========|_|==============|___/=/_/_/_/

 :: Spring Boot ::                (v3.3.4)

2025-10-17T16:31:13.183+09:00  INFO 34711 --- [    Test worker] c.b.a.api.AssessmentControllerWebTests   : Starting AssessmentControllerWebTests using Java 21.0.6 with PID 34711 (started by jinhobae in /Users/jinhobae/Downloads/beyond-medicine-assignment)
2025-10-17T16:31:13.184+09:00  INFO 34711 --- [    Test worker] c.b.a.api.AssessmentControllerWebTests   : No active profile set, falling back to 1 default profile: "default"
2025-10-17T16:31:13.360+09:00  INFO 34711 --- [    Test worker] o.s.b.t.m.w.SpringBootMockServletContext : Initializing Spring TestDispatcherServlet ''
2025-10-17T16:31:13.360+09:00  INFO 34711 --- [    Test worker] o.s.t.web.servlet.TestDispatcherServlet  : Initializing Servlet ''
2025-10-17T16:31:13.360+09:00  INFO 34711 --- [    Test worker] o.s.t.web.servlet.TestDispatcherServlet  : Completed initialization in 0 ms
2025-10-17T16:31:13.364+09:00  INFO 34711 --- [    Test worker] c.b.a.api.AssessmentControllerWebTests   : Started AssessmentControllerWebTests in 0.188 seconds (process running for 3.153)
]]></system-out>
  <system-err><![CDATA[]]></system-err>
</testsuite>
