<?xml version="1.0" encoding="UTF-8"?>
<testsuite name="com.bm.assignment.AssessmentApiTests" tests="11" skipped="0" failures="0" errors="0" timestamp="2025-10-17T07:31:12.590Z" hostname="jinhoui-MacBookPro.local" time="0.575">
  <properties/>
  <testcase name="register allowed on activation day and last active day, blocked after()" classname="com.bm.assignment.AssessmentApiTests" time="0.487"/>
  <testcase name="weekly trend rejects invalid week range()" classname="com.bm.assignment.AssessmentApiTests" time="0.009"/>
  <testcase name="reject pains over six()" classname="com.bm.assignment.AssessmentApiTests" time="0.006"/>
  <testcase name="reject duplicate pain locations()" classname="com.bm.assignment.AssessmentApiTests" time="0.004"/>
  <testcase name="register daily assessment success()" classname="com.bm.assignment.AssessmentApiTests" time="0.021"/>
  <testcase name="create daily rejects invalid prescription code pattern()" classname="com.bm.assignment.AssessmentApiTests" time="0.004"/>
  <testcase name="weekly trend returns grouped weeks()" classname="com.bm.assignment.AssessmentApiTests" time="0.019"/>
  <testcase name="weekly trend rejects invalid code pattern()" classname="com.bm.assignment.AssessmentApiTests" time="0.001"/>
  <testcase name="weekly trend applies null defaults for start and end weeks()" classname="com.bm.assignment.AssessmentApiTests" time="0.003"/>
  <testcase name="reject future date()" classname="com.bm.assignment.AssessmentApiTests" time="0.004"/>
  <testcase name="weekly trend change rate prev zero yields 0 instead of NaN or Inf()" classname="com.bm.assignment.AssessmentApiTests" time="0.01"/>
  <system-out><![CDATA[16:31:10.548 [Test worker] INFO org.springframework.test.context.support.AnnotationConfigContextLoaderUtils -- Could not detect default configuration classes for test class [com.bm.assignment.AssessmentApiTests]: AssessmentApiTests does not declare any static, non-private, non-final, nested classes annotated with @Configuration.
16:31:10.584 [Test worker] INFO org.springframework.boot.test.context.SpringBootTestContextBootstrapper -- Found @SpringBootConfiguration com.bm.assignment.Application for test class com.bm.assignment.AssessmentApiTests

  .   ____          _            __ _ _
 /\\ / ___'_ __ _ _(_)_ __  __ _ \ \ \ \
( ( )\___ | '_ | '_| | '_ \/ _` | \ \ \ \
 \\/  ___)| |_)| | | | | || (_| |  ) ) ) )
  '  |____| .__|_| |_|_| |_\__, | / / / /
 =========|_|==============|___/=/_/_/_/

 :: Spring Boot ::                (v3.3.4)

2025-10-17T16:31:10.730+09:00  INFO 34711 --- [    Test worker] com.bm.assignment.AssessmentApiTests     : Starting AssessmentApiTests using Java 21.0.6 with PID 34711 (started by jinhobae in /Users/jinhobae/Downloads/beyond-medicine-assignment)
2025-10-17T16:31:10.730+09:00  INFO 34711 --- [    Test worker] com.bm.assignment.AssessmentApiTests     : No active profile set, falling back to 1 default profile: "default"
2025-10-17T16:31:11.038+09:00  INFO 34711 --- [    Test worker] .s.d.r.c.RepositoryConfigurationDelegate : Bootstrapping Spring Data JPA repositories in DEFAULT mode.
2025-10-17T16:31:11.055+09:00  INFO 34711 --- [    Test worker] .s.d.r.c.RepositoryConfigurationDelegate : Finished Spring Data repository scanning in 15 ms. Found 2 JPA repository interfaces.
2025-10-17T16:31:11.233+09:00  INFO 34711 --- [    Test worker] o.hibernate.jpa.internal.util.LogHelper  : HHH000204: Processing PersistenceUnitInfo [name: default]
2025-10-17T16:31:11.258+09:00  INFO 34711 --- [    Test worker] org.hibernate.Version                    : HHH000412: Hibernate ORM core version 6.5.3.Final
2025-10-17T16:31:11.271+09:00  INFO 34711 --- [    Test worker] o.h.c.internal.RegionFactoryInitiator    : HHH000026: Second-level cache disabled
2025-10-17T16:31:11.376+09:00  INFO 34711 --- [    Test worker] o.s.o.j.p.SpringPersistenceUnitInfo      : No LoadTimeWeaver setup: ignoring JPA class transformer
2025-10-17T16:31:11.387+09:00  INFO 34711 --- [    Test worker] com.zaxxer.hikari.HikariDataSource       : HikariPool-1 - Starting...
2025-10-17T16:31:11.454+09:00  INFO 34711 --- [    Test worker] com.zaxxer.hikari.pool.HikariPool        : HikariPool-1 - Added connection conn0: url=jdbc:h2:mem:bmdb user=SA
2025-10-17T16:31:11.454+09:00  INFO 34711 --- [    Test worker] com.zaxxer.hikari.HikariDataSource       : HikariPool-1 - Start completed.
2025-10-17T16:31:11.880+09:00  INFO 34711 --- [    Test worker] o.h.e.t.j.p.i.JtaPlatformInitiator       : HHH000489: No JTA platform available (set 'hibernate.transaction.jta.platform' to enable JTA platform integration)
2025-10-17T16:31:11.906+09:00  INFO 34711 --- [    Test worker] j.LocalContainerEntityManagerFactoryBean : Initialized JPA EntityManagerFactory for persistence unit 'default'
2025-10-17T16:31:12.094+09:00  INFO 34711 --- [    Test worker] o.s.d.j.r.query.QueryEnhancerFactory     : Hibernate is in classpath; If applicable, HQL parser will be used.
2025-10-17T16:31:12.378+09:00  WARN 34711 --- [    Test worker] JpaBaseConfiguration$JpaWebConfiguration : spring.jpa.open-in-view is enabled by default. Therefore, database queries may be performed during view rendering. Explicitly configure spring.jpa.open-in-view to disable this warning
2025-10-17T16:31:12.510+09:00  INFO 34711 --- [    Test worker] o.s.b.a.h2.H2ConsoleAutoConfiguration    : H2 console available at '/h2-console'. Database available at 'jdbc:h2:mem:bmdb'
2025-10-17T16:31:12.528+09:00  INFO 34711 --- [    Test worker] o.s.b.t.m.w.SpringBootMockServletContext : Initializing Spring TestDispatcherServlet ''
2025-10-17T16:31:12.528+09:00  INFO 34711 --- [    Test worker] o.s.t.web.servlet.TestDispatcherServlet  : Initializing Servlet ''
2025-10-17T16:31:12.529+09:00  INFO 34711 --- [    Test worker] o.s.t.web.servlet.TestDispatcherServlet  : Completed initialization in 1 ms
2025-10-17T16:31:12.540+09:00  INFO 34711 --- [    Test worker] com.bm.assignment.AssessmentApiTests     : Started AssessmentApiTests in 1.904 seconds (process running for 2.328)
]]></system-out>
  <system-err><![CDATA[WARNING: A Java agent has been loaded dynamically (/Users/jinhobae/.gradle/caches/modules-2/files-2.1/net.bytebuddy/byte-buddy-agent/1.14.19/154da3a65b4f4a909d3e5bdec55d1b2b4cbb6ce1/byte-buddy-agent-1.14.19.jar)
WARNING: If a serviceability tool is in use, please run with -XX:+EnableDynamicAgentLoading to hide this warning
WARNING: If a serviceability tool is not in use, please run with -Djdk.instrument.traceUsage for more information
WARNING: Dynamic loading of agents will be disallowed by default in a future release
]]></system-err>
</testsuite>
